Crime/app/build/outputs/logs/manifest-merger-debug-report.txt
-- Merging decision tree log ---
manifest
ADDED from src\main\AndroidManifest.xml:2:1-33:12
	package
		ADDED from src\main\AndroidManifest.xml:3:3-42
		INJECTED from src\main\AndroidManifest.xml
		INJECTED from src\main\AndroidManifest.xml
	android:versionName
		ADDED from src\main\AndroidManifest.xml:5:3-28
		INJECTED from src\main\AndroidManifest.xml
		INJECTED from src\main\AndroidManifest.xml
	android:versionCode
		ADDED from src\main\AndroidManifest.xml:4:3-26
		INJECTED from src\main\AndroidManifest.xml
		INJECTED from src\main\AndroidManifest.xml
	xmlns:android
		ADDED from src\main\AndroidManifest.xml:2:11-69
uses-sdk
ADDED from src\main\AndroidManifest.xml:7:3-70
MERGED from [com.android.support:appcompat-v7:23.0.0] AndroidManifest.xml:20:5-43
MERGED from [com.android.support:support-v4:23.0.0] AndroidManifest.xml:20:5-43
	android:targetSdkVersion
		ADDED from src\main\AndroidManifest.xml:7:39-68
		INJECTED from src\main\AndroidManifest.xml
		INJECTED from src\main\AndroidManifest.xml
	android:minSdkVersion
		ADDED from src\main\AndroidManifest.xml:7:13-38
		INJECTED from src\main\AndroidManifest.xml
		INJECTED from src\main\AndroidManifest.xml
application
ADDED from src\main\AndroidManifest.xml:9:3-31:17
MERGED from [com.android.support:appcompat-v7:23.0.0] AndroidManifest.xml:22:5-20
MERGED from [com.android.support:support-v4:23.0.0] AndroidManifest.xml:22:5-20
	android:label
		ADDED from src\main\AndroidManifest.xml:11:5-37
	android:icon
		ADDED from src\main\AndroidManifest.xml:10:5-41
	android:theme
		ADDED from src\main\AndroidManifest.xml:12:5-36
activity#com.example.gibraniqbal.crime.CrimeListActivity
ADDED from src\main\AndroidManifest.xml:13:5-19:16
	android:name
		ADDED from src\main\AndroidManifest.xml:13:15-48
intent-filter#android.intent.action.MAIN+android.intent.category.LAUNCHER
ADDED from src\main\AndroidManifest.xml:14:7-18:23
action#android.intent.action.MAIN
ADDED from src\main\AndroidManifest.xml:15:9-61
	android:name
		ADDED from src\main\AndroidManifest.xml:15:17-58
category#android.intent.category.LAUNCHER
ADDED from src\main\AndroidManifest.xml:17:9-69
	android:name
		ADDED from src\main\AndroidManifest.xml:17:19-66
activity#com.example.gibraniqbal.crime.CrimeActivity
ADDED from src\main\AndroidManifest.xml:20:5-25:16
	android:label
		ADDED from src\main\AndroidManifest.xml:22:7-39
	android:name
		ADDED from src\main\AndroidManifest.xml:21:7-36
meta-data#android.support.PARENT_ACTIVITY
ADDED from src\main\AndroidManifest.xml:23:7-24:45
	android:value
		ADDED from src\main\AndroidManifest.xml:24:9-43
	android:name
		ADDED from src\main\AndroidManifest.xml:23:18-64
activity#com.example.gibraniqbal.crime.CrimePagerActivity
ADDED from src\main\AndroidManifest.xml:26:5-30:16
	android:label
		ADDED from src\main\AndroidManifest.xml:27:7-39
	android:name
		ADDED from src\main\AndroidManifest.xml:26:15-49